-------------------------------------------------------------------------------
Test set: com.vytrack.runners.CukesRunner
-------------------------------------------------------------------------------
Tests run: 7, Failures: 1, Errors: 0, Skipped: 0, Time elapsed: 36.553 s <<< FAILURE! - in com.vytrack.runners.CukesRunner
Login as driver and navigate to the Vehicle Odometer(Navigation menu options)  Time elapsed: 4.801 s  <<< FAILURE!
org.junit.ComparisonFailure: expected:<[All ]Vehicles Model> but was:<[]Vehicles Model>

